0 info it worked if it ends with ok
1 verbose cli [ 'node',
1 verbose cli   '/usr/local/bin/npm',
1 verbose cli   'install',
1 verbose cli   'https://github.com/endur115/LCDJS.git',
1 verbose cli   '--save' ]
2 info using npm@1.4.28
3 info using node@v0.10.32
4 verbose readDependencies using package.json deps
5 verbose cache add [ 'https://github.com/endur115/LCDJS.git', null ]
6 verbose cache add name=undefined spec="https://github.com/endur115/LCDJS.git" args=["https://github.com/endur115/LCDJS.git",null]
7 verbose parsed url { protocol: 'https:',
7 verbose parsed url   slashes: true,
7 verbose parsed url   auth: null,
7 verbose parsed url   host: 'github.com',
7 verbose parsed url   port: null,
7 verbose parsed url   hostname: 'github.com',
7 verbose parsed url   hash: null,
7 verbose parsed url   search: null,
7 verbose parsed url   query: null,
7 verbose parsed url   pathname: '/endur115/LCDJS.git',
7 verbose parsed url   path: '/endur115/LCDJS.git',
7 verbose parsed url   href: 'https://github.com/endur115/LCDJS.git' }
8 silly lockFile a342bad8-ps-github-com-endur115-LCDJS-git https://github.com/endur115/LCDJS.git
9 verbose lock https://github.com/endur115/LCDJS.git /Users/miskatonicinteractive/.npm/a342bad8-ps-github-com-endur115-LCDJS-git.lock
10 verbose addRemoteTarball [ 'https://github.com/endur115/LCDJS.git', null ]
11 info retry fetch attempt 1 at 16:03:40
12 verbose fetch to= /var/folders/hv/zhbhd3ws05v0bn2h056xc65r0000gn/T/npm-5119-GdILY3HG/github.com/endur115/LCDJS.git
13 http GET https://github.com/endur115/LCDJS.git
14 http 404 https://github.com/endur115/LCDJS.git
15 error fetch failed https://github.com/endur115/LCDJS.git
16 silly lockFile a342bad8-ps-github-com-endur115-LCDJS-git https://github.com/endur115/LCDJS.git
17 silly lockFile a342bad8-ps-github-com-endur115-LCDJS-git https://github.com/endur115/LCDJS.git
18 error Error: 404 Not Found
18 error     at WriteStream.<anonymous> (/usr/local/lib/node_modules/npm/lib/utils/fetch.js:58:12)
18 error     at WriteStream.emit (events.js:117:20)
18 error     at evalmachine.<anonymous>:1609:14
18 error     at /usr/local/lib/node_modules/npm/node_modules/graceful-fs/graceful-fs.js:102:5
18 error     at Object.oncomplete (evalmachine.<anonymous>:107:15)
19 error If you need help, you may report this *entire* log,
19 error including the npm and node versions, at:
19 error     <http://github.com/npm/npm/issues>
20 error System Darwin 14.0.0
21 error command "node" "/usr/local/bin/npm" "install" "https://github.com/endur115/LCDJS.git" "--save"
22 error cwd /Users/miskatonicinteractive/Documents/Work/PiCARS
23 error node -v v0.10.32
24 error npm -v 1.4.28
25 verbose exit [ 1, true ]
